<html>
<head>
<title>TestNG:  Platform Sign Up</title>
<link href="../testng.css" rel="stylesheet" type="text/css" />
<link href="../my-testng.css" rel="stylesheet" type="text/css" />

<style type="text/css">
.log { display: none;} 
.stack-trace { display: none;} 
</style>
<script type="text/javascript">
<!--
function flip(e) {
  current = e.style.display;
  if (current == 'block') {
    e.style.display = 'none';
    return 0;
  }
  else {
    e.style.display = 'block';
    return 1;
  }
}

function toggleBox(szDivId, elem, msg1, msg2)
{
  var res = -1;  if (document.getElementById) {
    res = flip(document.getElementById(szDivId));
  }
  else if (document.all) {
    // this is the way old msie versions work
    res = flip(document.all[szDivId]);
  }
  if(elem) {
    if(res == 0) elem.innerHTML = msg1; else elem.innerHTML = msg2;
  }

}

function toggleAllBoxes() {
  if (document.getElementsByTagName) {
    d = document.getElementsByTagName('div');
    for (i = 0; i < d.length; i++) {
      if (d[i].className == 'log') {
        flip(d[i]);
      }
    }
  }
}

// -->
</script>

</head>
<body>
<h2 align='center'>Platform Sign Up</h2><table border='1' align="center">
<tr>
<td>Tests passed/Failed/Skipped:</td><td>0/3/3</td>
</tr><tr>
<td>Started on:</td><td>Wed Nov 18 18:06:48 IST 2020</td>
</tr>
<tr><td>Total time:</td><td>291 seconds (291642 ms)</td>
</tr><tr>
<td>Included groups:</td><td></td>
</tr><tr>
<td>Excluded groups:</td><td></td>
</tr>
</table><p/>
<small><i>(Hover the method name to see the test class name)</i></small><p/>
<table width='100%' border='1' class='invocation-failed'>
<tr><td colspan='4' align='center'><b>FAILED TESTS</b></td></tr>
<tr><td><b>Test method</b></td>
<td width="30%"><b>Exception</b></td>
<td width="10%"><b>Time (seconds)</b></td>
<td><b>Instance</b></td>
</tr>
<tr>
<td title='com.test.testcases.PlatformSignUpTest.signUpConversationalAI()'><b>signUpConversationalAI</b><br>Test class: com.test.testcases.PlatformSignUpTest<br>Parameters: Ramarajan, Sampath, testdqefewfewf@sap.com, Test$123</td>
<td><div><pre>java.lang.AssertionError: Success Message does not exist
	at com.utils.GenericUtils.checkFieldExist(GenericUtils.java:192)
	at com.pages.SignUpCAIPage.verifySuccessMessage(SignUpCAIPage.java:141)
	at com.test.testcases.PlatformSignUpTest.signUpConversationalAI(PlatformSignUpTest.java:62)
	at java.base/java.util.concurrent.ThreadPoolExecutor.runWorker(ThreadPoolExecutor.java:1128)
	at java.base/java.util.concurrent.ThreadPoolExecutor$Worker.run(ThreadPoolExecutor.java:628)
	at java.base/java.lang.Thread.run(Thread.java:834)
... Removed 13 stack frames</pre></div><a href='#' onClick='toggleBox("stack-trace1689272789", this, "Click to show all stack frames", "Click to hide stack frames")'>Click to show all stack frames</a>
<div class='stack-trace' id='stack-trace1689272789'><pre>java.lang.AssertionError: Success Message does not exist
	at org.testng.Assert.fail(Assert.java:97)
	at com.utils.GenericUtils.checkFieldExist(GenericUtils.java:192)
	at com.pages.SignUpCAIPage.verifySuccessMessage(SignUpCAIPage.java:141)
	at com.test.testcases.PlatformSignUpTest.signUpConversationalAI(PlatformSignUpTest.java:62)
	at java.base/jdk.internal.reflect.NativeMethodAccessorImpl.invoke0(Native Method)
	at java.base/jdk.internal.reflect.NativeMethodAccessorImpl.invoke(NativeMethodAccessorImpl.java:62)
	at java.base/jdk.internal.reflect.DelegatingMethodAccessorImpl.invoke(DelegatingMethodAccessorImpl.java:43)
	at java.base/java.lang.reflect.Method.invoke(Method.java:566)
	at org.testng.internal.MethodInvocationHelper.invokeMethod(MethodInvocationHelper.java:135)
	at org.testng.internal.TestInvoker.invokeMethod(TestInvoker.java:598)
	at org.testng.internal.TestInvoker.retryFailed(TestInvoker.java:214)
	at org.testng.internal.MethodRunner.runInSequence(MethodRunner.java:58)
	at org.testng.internal.TestInvoker$MethodInvocationAgent.invoke(TestInvoker.java:821)
	at org.testng.internal.TestInvoker.invokeTestMethods(TestInvoker.java:147)
	at org.testng.internal.TestMethodWorker.invokeTestMethods(TestMethodWorker.java:146)
	at org.testng.internal.TestMethodWorker.run(TestMethodWorker.java:128)
	at java.base/java.util.concurrent.ThreadPoolExecutor.runWorker(ThreadPoolExecutor.java:1128)
	at java.base/java.util.concurrent.ThreadPoolExecutor$Worker.run(ThreadPoolExecutor.java:628)
	at java.base/java.lang.Thread.run(Thread.java:834)
</pre></div></td>
<td>41</td>
<td>com.test.testcases.PlatformSignUpTest@a2431d0</td></tr>
<tr>
<td title='com.test.testcases.PlatformSignUpTest.signUpConversationalAI()'><b>signUpConversationalAI</b><br>Test class: com.test.testcases.PlatformSignUpTest<br>Parameters: Sachin, Tendulkar, test1@sap.com, Test$123</td>
<td><div><pre>java.lang.AssertionError: Success Message does not exist
	at com.utils.GenericUtils.checkFieldExist(GenericUtils.java:192)
	at com.pages.SignUpCAIPage.verifySuccessMessage(SignUpCAIPage.java:141)
	at com.test.testcases.PlatformSignUpTest.signUpConversationalAI(PlatformSignUpTest.java:62)
	at java.base/java.util.concurrent.ThreadPoolExecutor.runWorker(ThreadPoolExecutor.java:1128)
	at java.base/java.util.concurrent.ThreadPoolExecutor$Worker.run(ThreadPoolExecutor.java:628)
	at java.base/java.lang.Thread.run(Thread.java:834)
... Removed 13 stack frames</pre></div><a href='#' onClick='toggleBox("stack-trace236085607", this, "Click to show all stack frames", "Click to hide stack frames")'>Click to show all stack frames</a>
<div class='stack-trace' id='stack-trace236085607'><pre>java.lang.AssertionError: Success Message does not exist
	at org.testng.Assert.fail(Assert.java:97)
	at com.utils.GenericUtils.checkFieldExist(GenericUtils.java:192)
	at com.pages.SignUpCAIPage.verifySuccessMessage(SignUpCAIPage.java:141)
	at com.test.testcases.PlatformSignUpTest.signUpConversationalAI(PlatformSignUpTest.java:62)
	at java.base/jdk.internal.reflect.NativeMethodAccessorImpl.invoke0(Native Method)
	at java.base/jdk.internal.reflect.NativeMethodAccessorImpl.invoke(NativeMethodAccessorImpl.java:62)
	at java.base/jdk.internal.reflect.DelegatingMethodAccessorImpl.invoke(DelegatingMethodAccessorImpl.java:43)
	at java.base/java.lang.reflect.Method.invoke(Method.java:566)
	at org.testng.internal.MethodInvocationHelper.invokeMethod(MethodInvocationHelper.java:135)
	at org.testng.internal.TestInvoker.invokeMethod(TestInvoker.java:598)
	at org.testng.internal.TestInvoker.retryFailed(TestInvoker.java:214)
	at org.testng.internal.MethodRunner.runInSequence(MethodRunner.java:58)
	at org.testng.internal.TestInvoker$MethodInvocationAgent.invoke(TestInvoker.java:821)
	at org.testng.internal.TestInvoker.invokeTestMethods(TestInvoker.java:147)
	at org.testng.internal.TestMethodWorker.invokeTestMethods(TestMethodWorker.java:146)
	at org.testng.internal.TestMethodWorker.run(TestMethodWorker.java:128)
	at java.base/java.util.concurrent.ThreadPoolExecutor.runWorker(ThreadPoolExecutor.java:1128)
	at java.base/java.util.concurrent.ThreadPoolExecutor$Worker.run(ThreadPoolExecutor.java:628)
	at java.base/java.lang.Thread.run(Thread.java:834)
</pre></div></td>
<td>41</td>
<td>com.test.testcases.PlatformSignUpTest@a2431d0</td></tr>
<tr>
<td title='com.test.testcases.PlatformSignUpTest.signUpConversationalAI()'><b>signUpConversationalAI</b><br>Test class: com.test.testcases.PlatformSignUpTest<br>Parameters: Jan, Gilg, test3@sap.com, Test$123</td>
<td><div><pre>java.lang.AssertionError: Success Message does not exist
	at com.utils.GenericUtils.checkFieldExist(GenericUtils.java:192)
	at com.pages.SignUpCAIPage.verifySuccessMessage(SignUpCAIPage.java:141)
	at com.test.testcases.PlatformSignUpTest.signUpConversationalAI(PlatformSignUpTest.java:62)
	at java.base/java.util.concurrent.ThreadPoolExecutor.runWorker(ThreadPoolExecutor.java:1128)
	at java.base/java.util.concurrent.ThreadPoolExecutor$Worker.run(ThreadPoolExecutor.java:628)
	at java.base/java.lang.Thread.run(Thread.java:834)
... Removed 13 stack frames</pre></div><a href='#' onClick='toggleBox("stack-trace1196308540", this, "Click to show all stack frames", "Click to hide stack frames")'>Click to show all stack frames</a>
<div class='stack-trace' id='stack-trace1196308540'><pre>java.lang.AssertionError: Success Message does not exist
	at org.testng.Assert.fail(Assert.java:97)
	at com.utils.GenericUtils.checkFieldExist(GenericUtils.java:192)
	at com.pages.SignUpCAIPage.verifySuccessMessage(SignUpCAIPage.java:141)
	at com.test.testcases.PlatformSignUpTest.signUpConversationalAI(PlatformSignUpTest.java:62)
	at java.base/jdk.internal.reflect.NativeMethodAccessorImpl.invoke0(Native Method)
	at java.base/jdk.internal.reflect.NativeMethodAccessorImpl.invoke(NativeMethodAccessorImpl.java:62)
	at java.base/jdk.internal.reflect.DelegatingMethodAccessorImpl.invoke(DelegatingMethodAccessorImpl.java:43)
	at java.base/java.lang.reflect.Method.invoke(Method.java:566)
	at org.testng.internal.MethodInvocationHelper.invokeMethod(MethodInvocationHelper.java:135)
	at org.testng.internal.TestInvoker.invokeMethod(TestInvoker.java:598)
	at org.testng.internal.TestInvoker.retryFailed(TestInvoker.java:214)
	at org.testng.internal.MethodRunner.runInSequence(MethodRunner.java:58)
	at org.testng.internal.TestInvoker$MethodInvocationAgent.invoke(TestInvoker.java:821)
	at org.testng.internal.TestInvoker.invokeTestMethods(TestInvoker.java:147)
	at org.testng.internal.TestMethodWorker.invokeTestMethods(TestMethodWorker.java:146)
	at org.testng.internal.TestMethodWorker.run(TestMethodWorker.java:128)
	at java.base/java.util.concurrent.ThreadPoolExecutor.runWorker(ThreadPoolExecutor.java:1128)
	at java.base/java.util.concurrent.ThreadPoolExecutor$Worker.run(ThreadPoolExecutor.java:628)
	at java.base/java.lang.Thread.run(Thread.java:834)
</pre></div></td>
<td>54</td>
<td>com.test.testcases.PlatformSignUpTest@a2431d0</td></tr>
</table><p>
<table width='100%' border='1' class='invocation-skipped'>
<tr><td colspan='4' align='center'><b>SKIPPED TESTS</b></td></tr>
<tr><td><b>Test method</b></td>
<td width="30%"><b>Exception</b></td>
<td width="10%"><b>Time (seconds)</b></td>
<td><b>Instance</b></td>
</tr>
<tr>
<td title='com.test.testcases.PlatformSignUpTest.signUpConversationalAI()'><b>signUpConversationalAI</b><br>Test class: com.test.testcases.PlatformSignUpTest<br>Parameters: Ramarajan, Sampath, testdqefewfewf@sap.com, Test$123</td>
<td><div><pre>java.lang.AssertionError: Success Message does not exist
	at com.utils.GenericUtils.checkFieldExist(GenericUtils.java:192)
	at com.pages.SignUpCAIPage.verifySuccessMessage(SignUpCAIPage.java:141)
	at com.test.testcases.PlatformSignUpTest.signUpConversationalAI(PlatformSignUpTest.java:62)
	at java.base/java.util.concurrent.ThreadPoolExecutor.runWorker(ThreadPoolExecutor.java:1128)
	at java.base/java.util.concurrent.ThreadPoolExecutor$Worker.run(ThreadPoolExecutor.java:628)
	at java.base/java.lang.Thread.run(Thread.java:834)
... Removed 13 stack frames</pre></div><a href='#' onClick='toggleBox("stack-trace1709212632", this, "Click to show all stack frames", "Click to hide stack frames")'>Click to show all stack frames</a>
<div class='stack-trace' id='stack-trace1709212632'><pre>java.lang.AssertionError: Success Message does not exist
	at org.testng.Assert.fail(Assert.java:97)
	at com.utils.GenericUtils.checkFieldExist(GenericUtils.java:192)
	at com.pages.SignUpCAIPage.verifySuccessMessage(SignUpCAIPage.java:141)
	at com.test.testcases.PlatformSignUpTest.signUpConversationalAI(PlatformSignUpTest.java:62)
	at java.base/jdk.internal.reflect.NativeMethodAccessorImpl.invoke0(Native Method)
	at java.base/jdk.internal.reflect.NativeMethodAccessorImpl.invoke(NativeMethodAccessorImpl.java:62)
	at java.base/jdk.internal.reflect.DelegatingMethodAccessorImpl.invoke(DelegatingMethodAccessorImpl.java:43)
	at java.base/java.lang.reflect.Method.invoke(Method.java:566)
	at org.testng.internal.MethodInvocationHelper.invokeMethod(MethodInvocationHelper.java:135)
	at org.testng.internal.TestInvoker.invokeMethod(TestInvoker.java:598)
	at org.testng.internal.TestInvoker.invokeTestMethod(TestInvoker.java:174)
	at org.testng.internal.MethodRunner.runInSequence(MethodRunner.java:46)
	at org.testng.internal.TestInvoker$MethodInvocationAgent.invoke(TestInvoker.java:821)
	at org.testng.internal.TestInvoker.invokeTestMethods(TestInvoker.java:147)
	at org.testng.internal.TestMethodWorker.invokeTestMethods(TestMethodWorker.java:146)
	at org.testng.internal.TestMethodWorker.run(TestMethodWorker.java:128)
	at java.base/java.util.concurrent.ThreadPoolExecutor.runWorker(ThreadPoolExecutor.java:1128)
	at java.base/java.util.concurrent.ThreadPoolExecutor$Worker.run(ThreadPoolExecutor.java:628)
	at java.base/java.lang.Thread.run(Thread.java:834)
</pre></div></td>
<td>53</td>
<td>com.test.testcases.PlatformSignUpTest@a2431d0</td></tr>
<tr>
<td title='com.test.testcases.PlatformSignUpTest.signUpConversationalAI()'><b>signUpConversationalAI</b><br>Test class: com.test.testcases.PlatformSignUpTest<br>Parameters: Sachin, Tendulkar, test1@sap.com, Test$123</td>
<td><div><pre>java.lang.AssertionError: Success Message does not exist
	at com.utils.GenericUtils.checkFieldExist(GenericUtils.java:192)
	at com.pages.SignUpCAIPage.verifySuccessMessage(SignUpCAIPage.java:141)
	at com.test.testcases.PlatformSignUpTest.signUpConversationalAI(PlatformSignUpTest.java:62)
	at java.base/java.util.concurrent.ThreadPoolExecutor.runWorker(ThreadPoolExecutor.java:1128)
	at java.base/java.util.concurrent.ThreadPoolExecutor$Worker.run(ThreadPoolExecutor.java:628)
	at java.base/java.lang.Thread.run(Thread.java:834)
... Removed 13 stack frames</pre></div><a href='#' onClick='toggleBox("stack-trace106751501", this, "Click to show all stack frames", "Click to hide stack frames")'>Click to show all stack frames</a>
<div class='stack-trace' id='stack-trace106751501'><pre>java.lang.AssertionError: Success Message does not exist
	at org.testng.Assert.fail(Assert.java:97)
	at com.utils.GenericUtils.checkFieldExist(GenericUtils.java:192)
	at com.pages.SignUpCAIPage.verifySuccessMessage(SignUpCAIPage.java:141)
	at com.test.testcases.PlatformSignUpTest.signUpConversationalAI(PlatformSignUpTest.java:62)
	at java.base/jdk.internal.reflect.NativeMethodAccessorImpl.invoke0(Native Method)
	at java.base/jdk.internal.reflect.NativeMethodAccessorImpl.invoke(NativeMethodAccessorImpl.java:62)
	at java.base/jdk.internal.reflect.DelegatingMethodAccessorImpl.invoke(DelegatingMethodAccessorImpl.java:43)
	at java.base/java.lang.reflect.Method.invoke(Method.java:566)
	at org.testng.internal.MethodInvocationHelper.invokeMethod(MethodInvocationHelper.java:135)
	at org.testng.internal.TestInvoker.invokeMethod(TestInvoker.java:598)
	at org.testng.internal.TestInvoker.invokeTestMethod(TestInvoker.java:174)
	at org.testng.internal.MethodRunner.runInSequence(MethodRunner.java:46)
	at org.testng.internal.TestInvoker$MethodInvocationAgent.invoke(TestInvoker.java:821)
	at org.testng.internal.TestInvoker.invokeTestMethods(TestInvoker.java:147)
	at org.testng.internal.TestMethodWorker.invokeTestMethods(TestMethodWorker.java:146)
	at org.testng.internal.TestMethodWorker.run(TestMethodWorker.java:128)
	at java.base/java.util.concurrent.ThreadPoolExecutor.runWorker(ThreadPoolExecutor.java:1128)
	at java.base/java.util.concurrent.ThreadPoolExecutor$Worker.run(ThreadPoolExecutor.java:628)
	at java.base/java.lang.Thread.run(Thread.java:834)
</pre></div></td>
<td>40</td>
<td>com.test.testcases.PlatformSignUpTest@a2431d0</td></tr>
<tr>
<td title='com.test.testcases.PlatformSignUpTest.signUpConversationalAI()'><b>signUpConversationalAI</b><br>Test class: com.test.testcases.PlatformSignUpTest<br>Parameters: Jan, Gilg, test3@sap.com, Test$123</td>
<td><div><pre>java.lang.AssertionError: Success Message does not exist
	at com.utils.GenericUtils.checkFieldExist(GenericUtils.java:192)
	at com.pages.SignUpCAIPage.verifySuccessMessage(SignUpCAIPage.java:141)
	at com.test.testcases.PlatformSignUpTest.signUpConversationalAI(PlatformSignUpTest.java:62)
	at java.base/java.util.concurrent.ThreadPoolExecutor.runWorker(ThreadPoolExecutor.java:1128)
	at java.base/java.util.concurrent.ThreadPoolExecutor$Worker.run(ThreadPoolExecutor.java:628)
	at java.base/java.lang.Thread.run(Thread.java:834)
... Removed 13 stack frames</pre></div><a href='#' onClick='toggleBox("stack-trace1665354803", this, "Click to show all stack frames", "Click to hide stack frames")'>Click to show all stack frames</a>
<div class='stack-trace' id='stack-trace1665354803'><pre>java.lang.AssertionError: Success Message does not exist
	at org.testng.Assert.fail(Assert.java:97)
	at com.utils.GenericUtils.checkFieldExist(GenericUtils.java:192)
	at com.pages.SignUpCAIPage.verifySuccessMessage(SignUpCAIPage.java:141)
	at com.test.testcases.PlatformSignUpTest.signUpConversationalAI(PlatformSignUpTest.java:62)
	at java.base/jdk.internal.reflect.NativeMethodAccessorImpl.invoke0(Native Method)
	at java.base/jdk.internal.reflect.NativeMethodAccessorImpl.invoke(NativeMethodAccessorImpl.java:62)
	at java.base/jdk.internal.reflect.DelegatingMethodAccessorImpl.invoke(DelegatingMethodAccessorImpl.java:43)
	at java.base/java.lang.reflect.Method.invoke(Method.java:566)
	at org.testng.internal.MethodInvocationHelper.invokeMethod(MethodInvocationHelper.java:135)
	at org.testng.internal.TestInvoker.invokeMethod(TestInvoker.java:598)
	at org.testng.internal.TestInvoker.invokeTestMethod(TestInvoker.java:174)
	at org.testng.internal.MethodRunner.runInSequence(MethodRunner.java:46)
	at org.testng.internal.TestInvoker$MethodInvocationAgent.invoke(TestInvoker.java:821)
	at org.testng.internal.TestInvoker.invokeTestMethods(TestInvoker.java:147)
	at org.testng.internal.TestMethodWorker.invokeTestMethods(TestMethodWorker.java:146)
	at org.testng.internal.TestMethodWorker.run(TestMethodWorker.java:128)
	at java.base/java.util.concurrent.ThreadPoolExecutor.runWorker(ThreadPoolExecutor.java:1128)
	at java.base/java.util.concurrent.ThreadPoolExecutor$Worker.run(ThreadPoolExecutor.java:628)
	at java.base/java.lang.Thread.run(Thread.java:834)
</pre></div></td>
<td>56</td>
<td>com.test.testcases.PlatformSignUpTest@a2431d0</td></tr>
</table><p>
</body>
</html>